{"DBConn.Create(newFlowMenu) ":{"id":1,"name":"asdf","salary":"dsfds","age":2,"phoneno":124},"error":"pq: duplicate key value violates unique constraint \"employees_pkey\"","level":"error","msg":"Error while creating flow menu into database","time":"2020-03-11T13:02:48+05:30"}
{"DBConn.Create(newFlowMenu) ":{"Id":0,"name":"Sameer","Salary":10000,"age":26,"phoneno":"9.896354256e+09"},"error":"pq: invalid input syntax for integer: \"9.896354256e+09\"","level":"error","msg":"Error while creating flow menu into database","time":"2020-03-17T13:00:27+05:30"}
{"DBConn.Select ":[{"Id":23,"name":"bala","Salary":0,"age":0,"phoneno":""},{"Id":30,"name":"aman","Salary":20000,"age":20,"phoneno":"0"},{"Id":31,"name":"Naman","Salary":25000,"age":23,"phoneno":"0"},{"Id":32,"name":"anand","Salary":15000,"age":24,"phoneno":"0"},{"Id":33,"name":"Sameer","Salary":10000,"age":26,"phoneno":"9896354256"}],"error":"sql: Scan error on column index 2, name \"salary\": converting driver.Value type string (\"dsfds\") to a int64: invalid syntax","level":"error","msg":"Error while getting flow_uuid and flow_name from database","time":"2020-03-17T13:01:07+05:30"}
{"DBConn.Select ":[],"error":"pq: got 1 parameters but the statement requires 0","level":"error","msg":"Error while getting flow_uuid and flow_name from database","time":"2020-03-17T14:59:28+05:30"}
{"DBConn.Select ":[],"error":"pq: got 1 parameters but the statement requires 0","level":"error","msg":"Error while getting flow_uuid and flow_name from database","time":"2020-03-17T15:00:36+05:30"}
{"DBConn.Select ":[],"error":"pq: relation \"emps\" does not exist","level":"error","msg":"Error while getting flow_uuid and flow_name from database","time":"2020-03-17T17:14:19+05:30"}
{"DBConn.Select ":[],"error":"pq: relation \"emps\" does not exist","level":"error","msg":"Error while getting flow_uuid and flow_name from database","time":"2020-03-17T17:15:33+05:30"}
{"DBConn.Select ":[],"error":"pq: relation \"emps\" does not exist","level":"error","msg":"Error while getting flow_uuid and flow_name from database","time":"2020-03-17T17:41:08+05:30"}
{"DBConn.Select ":[],"error":"pq: argument of WHERE must be type boolean, not type bigint","level":"error","msg":"Error while getting flow_uuid and flow_name from database","time":"2020-03-17T17:48:44+05:30"}
{"DBConn.Select ":[],"error":"pq: relation \"emps\" does not exist","level":"error","msg":"Error while getting flow_uuid and flow_name from database","time":"2020-03-17T17:57:07+05:30"}
{"DBConn.Select ":[],"error":"pq: relation \"emps\" does not exist","level":"error","msg":"Error while getting flow_uuid and flow_name from database","time":"2020-03-17T17:59:32+05:30"}
{"DBConn.Select ":[],"error":"pq: relation \"users\" does not exist","level":"error","msg":"Error while getting flow_uuid and flow_name from database","time":"2020-03-17T18:15:29+05:30"}
{"DBConn.Select ":[],"error":"pq: relation \"users\" does not exist","level":"error","msg":"Error while getting flow_uuid and flow_name from database","time":"2020-03-17T18:16:20+05:30"}
{"DBConn.Select ":[],"error":"pq: relation \"users\" does not exist","level":"error","msg":"Error while getting flow_uuid and flow_name from database","time":"2020-03-17T18:17:37+05:30"}
{"DBConn.Create(newFlowMenu) ":{"name":"paytm","type":"sales","lat":"12.03654","long":"78.015","dist":10},"error":"pq: relation \"locations\" does not exist","level":"error","msg":"Error while creating flow menu into database","time":"2020-03-18T11:32:46+05:30"}
{"DBConn.Create(newFlowMenu) ":{"name":"paytm","type":"sales","lat":"12.03654","long":"78.015","dist":10},"error":"pq: relation \"locations\" does not exist","level":"error","msg":"Error while creating flow menu into database","time":"2020-03-18T11:33:14+05:30"}
{"DBConn.Create(newFlowMenu) ":{"name":"paytm","type":"sales","lat":"12.03654","long":"78.015","dist":10},"error":"pq: relation \"locations\" does not exist","level":"error","msg":"Error while creating flow menu into database","time":"2020-03-18T11:33:15+05:30"}
{"DBConn.Select ":[],"error":"pq: column \"distance\" does not exist","level":"error","msg":"Error while getting flow_uuid and flow_name from database","time":"2020-03-18T15:44:53+05:30"}
{"DBConn.Select ":[],"error":"pq: syntax error at or near \"$1\"","level":"error","msg":"Error while getting flow_uuid and flow_name from database","time":"2020-03-18T17:32:08+05:30"}
{"DBConn.Create(newFlowMenu) ":{"Id":0,"name":"","Salary":0,"age":0,"phoneno":"","file":null},"error":"pq: column \"file\" of relation \"employees\" does not exist","level":"error","msg":"Error while creating flow menu into database","time":"2020-03-18T17:33:37+05:30"}
{"DBConn.Create(newFlowMenu) ":{"Id":0,"name":"","age":"","profile":""},"error":"pq: column \"age\" of relation \"students\" does not exist","level":"error","msg":"Error while creating flow menu into database","time":"2020-03-20T13:06:32+05:30"}
{"DBConn.Create(newFlowMenu) ":{"Id":0,"name":"","age":"","profile":""},"error":"pq: relation \"students\" does not exist","level":"error","msg":"Error while creating flow menu into database","time":"2020-03-20T13:10:08+05:30"}
{"DBConn.Create(newFlowMenu) ":{"Id":0,"name":"","age":"","profile":""},"error":"pq: relation \"students\" does not exist","level":"error","msg":"Error while creating flow menu into database","time":"2020-03-20T13:10:40+05:30"}
{"DBConn.Create(newFlowMenu) ":[["Id","Name","Age","Profile"],["1","Abhi","22","Developer"],["2","Anand","43","Salesman"],["3","Aman","12","Businessman"],["4","Sunil","32","Dealer"],["5"," Dharam","23","Serviceman"]],"error":"pq: zero-length delimited identifier at or near \"\"\"\"","level":"error","msg":"Error while creating flow menu into database","time":"2020-03-20T13:21:03+05:30"}
{"DBConn.Create(newFlowMenu) ":[["Id","Name","Age","Profile"],["1","Abhi","22","Developer"],["2","Anand","43","Salesman"],["3","Aman","12","Businessman"],["4","Sunil","32","Dealer"],["5"," Dharam","23","Serviceman"]],"error":"pq: zero-length delimited identifier at or near \"\"\"\"","level":"error","msg":"Error while creating flow menu into database","time":"2020-03-20T13:22:10+05:30"}
{"error":"listen tcp :10000: bind: address already in use","level":"fatal","msg":"avb","time":"2020-03-20T13:33:24+05:30"}
{"error":"listen tcp :10000: bind: address already in use","level":"fatal","msg":"avb","time":"2020-03-20T13:33:39+05:30"}
{"error":"listen tcp :10000: bind: address already in use","level":"fatal","msg":"avb","time":"2020-03-20T13:34:26+05:30"}
{"error":"listen tcp :10000: bind: address already in use","level":"fatal","msg":"avb","time":"2020-03-20T13:34:51+05:30"}
{"error":"listen tcp :10000: bind: address already in use","level":"fatal","msg":"avb","time":"2020-03-20T13:35:14+05:30"}
{"error":"listen tcp :10000: bind: address already in use","level":"fatal","msg":"avb","time":"2020-03-20T13:36:25+05:30"}
{"DBConn.Create(newFlowMenu) ":[["Id","Name","Age","Profile"],["1","Abhi","22","Developer"],["2","Anand","43","Salesman"],["3","Aman","12","Businessman"],["4","Sunil","32","Dealer"],["5"," Dharam","23","Serviceman"]],"error":"pq: zero-length delimited identifier at or near \"\"\"\"","level":"error","msg":"Error while creating flow menu into database","time":"2020-03-20T14:46:07+05:30"}
{"DBConn.Create(newFlowMenu) ":[["Id","Name","Age","Profile"],["1","Abhi","22","Developer"],["2","Anand","43","Salesman"],["3","Aman","12","Businessman"],["4","Sunil","32","Dealer"],["5"," Dharam","23","Serviceman"]],"error":"pq: zero-length delimited identifier at or near \"\"\"\"","level":"error","msg":"Error while creating flow menu into database","time":"2020-03-20T14:46:36+05:30"}
{"DBConn.Create(newFlowMenu) ":[["Id","Name","Age","Profile"],["1","Abhi","22","Developer"],["2","Anand","43","Salesman"],["3","Aman","12","Businessman"],["4","Sunil","32","Dealer"],["5"," Dharam","23","Serviceman"]],"error":"pq: zero-length delimited identifier at or near \"\"\"\"","level":"error","msg":"Error while creating flow menu into database","time":"2020-03-20T14:47:33+05:30"}
{"DBConn.Create(newFlowMenu) ":[["Id","Name","Age","Profile"],["1","Abhi","22","Developer"],["2","Anand","43","Salesman"],["3","Aman","12","Businessman"],["4","Sunil","32","Dealer"],["5"," Dharam","23","Serviceman"]],"error":"pq: zero-length delimited identifier at or near \"\"\"\"","level":"error","msg":"Error while creating flow menu into database","time":"2020-03-20T14:49:30+05:30"}
{"DBConn.Create(newFlowMenu) ":[["Id","Name","Age","Profile"],["1","Abhi","22","Developer"],["2","Anand","43","Salesman"],["3","Aman","12","Businessman"],["4","Sunil","32","Dealer"],["5"," Dharam","23","Serviceman"]],"error":"pq: zero-length delimited identifier at or near \"\"\"\"","level":"error","msg":"Error while creating flow menu into database","time":"2020-03-20T14:52:18+05:30"}
{"DBConn.Create(newFlowMenu) ":{"Rows":[["Id","Name","Age","Profile"],["1","Abhi","22","Developer"],["2","Anand","43","Salesman"],["3","Aman","12","Businessman"],["4","Sunil","32","Dealer"],["5"," Dharam","23","Serviceman"]]},"error":"sql: converting argument $1 type: unsupported type [][]string, a slice of slice","level":"error","msg":"Error while creating flow menu into database","time":"2020-03-20T15:02:56+05:30"}
{"DBConn.Create(newFlowMenu) ":null,"error":"pq: invalid byte sequence for encoding \"UTF8\": 0x00","level":"error","msg":"Error while creating flow menu into database","time":"2020-03-20T15:44:41+05:30"}
{"DBConn.Create(newFlowMenu) ":[["Id","Name","Age","Profile"],["1","Abhi","22","Developer"],["2","Anand","43","Salesman"],["3","Aman","12","Businessman"],["4","Sunil","32","Dealer"],["5"," Dharam","23","Serviceman"]],"error":"pq: zero-length delimited identifier at or near \"\"\"\"","level":"error","msg":"Error while creating flow menu into database","time":"2020-03-20T15:56:52+05:30"}
{"DBConn.Select ":null,"error":"pq: duplicate key value violates unique constraint \"students_pkey\"","level":"error","msg":"Error while getting flow_uuid and flow_name from database","time":"2020-03-20T18:05:43+05:30"}
{"DBConn.Select ":null,"error":"pq: syntax error at or near \"XLSX\"","level":"error","msg":"Error while getting flow_uuid and flow_name from database","time":"2020-03-20T18:14:13+05:30"}
{"DBConn.Select ":null,"error":"pq: syntax error at or near \"XLSX\"","level":"error","msg":"Error while getting flow_uuid and flow_name from database","time":"2020-03-20T18:14:53+05:30"}
{"DBConn.Select ":null,"error":"pq: syntax error at or near \"XLSX\"","level":"error","msg":"Error while getting flow_uuid and flow_name from database","time":"2020-03-20T18:15:58+05:30"}
{"DBConn.Select ":null,"error":"pq: syntax error at or near \"XLSX\"","level":"error","msg":"Error while getting flow_uuid and flow_name from database","time":"2020-03-20T18:15:59+05:30"}
{"DBConn.Select ":null,"error":"pq: syntax error at or near \"xlsx\"","level":"error","msg":"Error while getting flow_uuid and flow_name from database","time":"2020-03-20T18:16:31+05:30"}
{"DBConn.Select ":null,"error":"pq: syntax error at or near \"xlsx\"","level":"error","msg":"Error while getting flow_uuid and flow_name from database","time":"2020-03-20T18:17:20+05:30"}
{"DBConn.Select ":null,"error":"pq: syntax error at or near \"xlsx\"","level":"error","msg":"Error while getting flow_uuid and flow_name from database","time":"2020-03-20T18:18:47+05:30"}
{"DBConn.Select ":null,"error":"pq: duplicate key value violates unique constraint \"students_pkey\"","level":"error","msg":"Error while getting flow_uuid and flow_name from database","time":"2020-03-20T18:32:00+05:30"}
{"DBConn.Select ":null,"error":"pq: duplicate key value violates unique constraint \"students_pkey\"","level":"error","msg":"Error while getting flow_uuid and flow_name from database","time":"2020-03-20T18:52:39+05:30"}
